<?xml version="1.0" encoding="UTF-8" ?>
<testsuite tests="15" failures="0" name="CodebreakerTest" time="0.006" errors="0" skipped="0">
  <properties>
[...]
</properties>
  <testcase classname="CodebreakerTest" name="oneCoincidenceByNumber_0100" time="0.003"/>
  <testcase classname="CodebreakerTest" name="oneCoincidenceByNumber_5000" time="0"/>
  <testcase classname="CodebreakerTest" name="allGrown_5176" time="0"/>
  <testcase classname="CodebreakerTest" name="threeCoincidenceByNumber_0123" time="0"/>
  <testcase classname="CodebreakerTest" name="allCoincidences_1234" time="0"/>
  <testcase classname="CodebreakerTest" name="allDifferent_7896" time="0"/>
  <testcase classname="CodebreakerTest" name="oneCoincidenceByPosition_5876" time="0"/>
  <testcase classname="CodebreakerTest" name="twoCoincidenceByNumber_0120" time="0.001"/>
  <testcase classname="CodebreakerTest" name="twoCoincidencesByNumber_5006" time="0"/>
  <testcase classname="CodebreakerTest" name="twoCoincidencesByTwoPosition_5176" time="0"/>
  <testcase classname="CodebreakerTest" name="threeCoincidencesByNumber_5076" time="0.001"/>
  <testcase classname="CodebreakerTest" name="fourCoincidenceByNumber_4123" time="0"/>
  <testcase classname="CodebreakerTest" name="fourCoincidencesByNumber_5876" time="0"/>
  <testcase classname="CodebreakerTest" name="twoCoincidencesByPosition_5176" time="0"/>
  <testcase classname="CodebreakerTest" name="oneCoincidencesByOnePosition_5176" time="0.001"/>
</testsuite>